This is pdfTeX, Version 3.1415926-2.5-1.40.14 (TeX Live 2013) (format=pdflatex 2013.5.30)  10 MAY 2017 15:21
entering extended mode
 \write18 enabled.
 file:line:error style messages enabled.
 %&-line parsing enabled.
**macrosbook.tex
(./macrosbook.tex
LaTeX2e <2011/06/27>
Babel <3.9f> and hyphenation patterns for 78 languages loaded.
\c@nntheorem=\count79

./macrosbook.tex:7: LaTeX Error: No counter 'section' defined.

See the LaTeX manual or LaTeX Companion for explanation.
Type  H <return>  for immediate help.
 ...                                              
                                                  
l.7 \newtheorem{nntheorem}{ Theorem}[section]
                                             
? 
./macrosbook.tex:7: Emergency stop.
 ...                                              
                                                  
l.7 \newtheorem{nntheorem}{ Theorem}[section]
                                             
Your command was ignored.
Type  I <command> <return>  to replace it with another command,
or  <return>  to continue without it.

 
Here is how much of TeX's memory you used:
 12 strings out of 493315
 339 string characters out of 6137904
 52158 words of memory out of 5000000
 3563 multiletter control sequences out of 15000+600000
 3640 words of font info for 14 fonts, out of 8000000 for 9000
 957 hyphenation exceptions out of 8191
 8i,0n,11p,90b,14s stack positions out of 5000i,500n,10000p,200000b,80000s
./macrosbook.tex:7:  ==> Fatal error occurred, no output PDF file produced!
