\BOOKMARK [1][-]{section.1.1}{Introduction}{}% 1
\BOOKMARK [1][-]{section.1.2}{Installation}{}% 2
\BOOKMARK [1][-]{section.1.3}{ Lite HyEQ Simulator: A stand-alone MATLAB code for simulation of hybrid systems without inputs}{}% 3
\BOOKMARK [2][-]{subsection.1.3.1}{Solver Function}{section.1.3}% 4
\BOOKMARK [3][-]{subsubsection.1.3.1.1}{Events Detection}{subsection.1.3.1}% 5
\BOOKMARK [3][-]{subsubsection.1.3.1.2}{Jump Map}{subsection.1.3.1}% 6
\BOOKMARK [2][-]{subsection.1.3.2}{Software Requirements}{section.1.3}% 7
\BOOKMARK [2][-]{subsection.1.3.3}{Configuration of Solver}{section.1.3}% 8
\BOOKMARK [2][-]{subsection.1.3.4}{Initialization}{section.1.3}% 9
\BOOKMARK [2][-]{subsection.1.3.5}{Postprocessing and Plotting solutions}{section.1.3}% 10
\BOOKMARK [1][-]{section.1.4}{HyEQ Simulator: A Simulink implementation for simulation of single and interconnected hybrid systems with or without inputs}{}% 11
\BOOKMARK [2][-]{subsection.1.4.1}{The Integrator System}{section.1.4}% 12
\BOOKMARK [3][-]{subsubsection.1.4.1.1}{CT Dynamics}{subsection.1.4.1}% 13
\BOOKMARK [3][-]{subsubsection.1.4.1.2}{Jump Logic}{subsection.1.4.1}% 14
\BOOKMARK [3][-]{subsubsection.1.4.1.3}{Update Logic}{subsection.1.4.1}% 15
\BOOKMARK [3][-]{subsubsection.1.4.1.4}{Stop Logic}{subsection.1.4.1}% 16
\BOOKMARK [2][-]{subsection.1.4.2}{Software Requirements}{section.1.4}% 17
\BOOKMARK [3][-]{subsubsection.1.4.2.1}{Configuration of HyEQ Simulator with embedded functions for Windows}{subsection.1.4.2}% 18
\BOOKMARK [3][-]{subsubsection.1.4.2.2}{Configuration of HyEQ Simulator with embedded functions for Mac/Linux}{subsection.1.4.2}% 19
\BOOKMARK [2][-]{subsection.1.4.3}{Configuration of Integration Scheme}{section.1.4}% 20
\BOOKMARK [2][-]{subsection.1.4.4}{Initialization}{section.1.4}% 21
\BOOKMARK [2][-]{subsection.1.4.5}{Postprocessing and Plotting solutions}{section.1.4}% 22
\BOOKMARK [1][-]{section.1.5}{Examples}{}% 23
\BOOKMARK [1][-]{section.1.6}{Further Reading}{}% 24
\BOOKMARK [1][-]{section.1.7}{Acknowledgments}{}% 25
\BOOKMARK [1][-]{section.1.8}{References}{}% 26
